[0909/093118.801:WARNING:dns_config_service_win.cc(668)] Failed to read DnsConfig.
[0909/093123.813:WARNING:dns_config_service_win.cc(668)] Failed to read DnsConfig.
[0909/093128.817:WARNING:dns_config_service_win.cc(668)] Failed to read DnsConfig.
[0909/093133.821:WARNING:dns_config_service_win.cc(668)] Failed to read DnsConfig.
[0909/093138.825:WARNING:dns_config_service_win.cc(668)] Failed to read DnsConfig.
[0909/093143.830:WARNING:dns_config_service_win.cc(668)] Failed to read DnsConfig.
[0909/093148.835:WARNING:dns_config_service_win.cc(668)] Failed to read DnsConfig.
[0909/093153.839:WARNING:dns_config_service_win.cc(668)] Failed to read DnsConfig.
[0909/093158.845:WARNING:dns_config_service_win.cc(668)] Failed to read DnsConfig.
[0909/093203.849:WARNING:dns_config_service_win.cc(668)] Failed to read DnsConfig.
[0909/093208.854:WARNING:dns_config_service_win.cc(668)] Failed to read DnsConfig.
[0909/093213.858:WARNING:dns_config_service_win.cc(668)] Failed to read DnsConfig.
[0909/093218.863:WARNING:dns_config_service_win.cc(668)] Failed to read DnsConfig.
[0909/093221.165:INFO:CONSOLE(1)] "Long rAF frame-time", source: file:///C:/Program%20Files/Adobe/Adobe%20Photoshop%202020/Required/www-rich-tooltips/build/external.js (1)
[0909/093223.867:WARNING:dns_config_service_win.cc(668)] Failed to read DnsConfig.
[0909/093228.871:WARNING:dns_config_service_win.cc(668)] Failed to read DnsConfig.
[0909/093233.877:WARNING:dns_config_service_win.cc(668)] Failed to read DnsConfig.
[0909/093238.879:WARNING:dns_config_service_win.cc(668)] Failed to read DnsConfig.
[0909/093243.884:WARNING:dns_config_service_win.cc(668)] Failed to read DnsConfig.
[0909/093248.890:WARNING:dns_config_service_win.cc(668)] Failed to read DnsConfig.
[0909/093253.895:WARNING:dns_config_service_win.cc(668)] Failed to read DnsConfig.
[0909/093258.901:WARNING:dns_config_service_win.cc(668)] Failed to read DnsConfig.
[0909/093303.905:WARNING:dns_config_service_win.cc(668)] Failed to read DnsConfig.
[0909/093308.909:WARNING:dns_config_service_win.cc(668)] Failed to read DnsConfig.
[0909/093313.913:WARNING:dns_config_service_win.cc(668)] Failed to read DnsConfig.
[0909/093318.919:WARNING:dns_config_service_win.cc(668)] Failed to read DnsConfig.
[0909/093323.923:WARNING:dns_config_service_win.cc(668)] Failed to read DnsConfig.
[0909/093328.926:WARNING:dns_config_service_win.cc(668)] Failed to read DnsConfig.
[0909/093333.933:WARNING:dns_config_service_win.cc(668)] Failed to read DnsConfig.
[0909/093338.939:WARNING:dns_config_service_win.cc(668)] Failed to read DnsConfig.
[0909/093343.971:WARNING:dns_config_service_win.cc(668)] Failed to read DnsConfig.
[0909/093348.976:WARNING:dns_config_service_win.cc(668)] Failed to read DnsConfig.
[0909/093353.980:WARNING:dns_config_service_win.cc(668)] Failed to read DnsConfig.
[0909/093358.983:WARNING:dns_config_service_win.cc(668)] Failed to read DnsConfig.
[0909/093403.987:WARNING:dns_config_service_win.cc(668)] Failed to read DnsConfig.
[0909/093408.991:WARNING:dns_config_service_win.cc(668)] Failed to read DnsConfig.
[0909/093413.995:WARNING:dns_config_service_win.cc(668)] Failed to read DnsConfig.
[0909/093418.999:WARNING:dns_config_service_win.cc(668)] Failed to read DnsConfig.
[0909/093424.003:WARNING:dns_config_service_win.cc(668)] Failed to read DnsConfig.
[0909/093429.007:WARNING:dns_config_service_win.cc(668)] Failed to read DnsConfig.
[0909/093434.012:WARNING:dns_config_service_win.cc(668)] Failed to read DnsConfig.
[0909/093439.017:WARNING:dns_config_service_win.cc(668)] Failed to read DnsConfig.
[0909/093444.021:WARNING:dns_config_service_win.cc(668)] Failed to read DnsConfig.
[0909/093449.025:WARNING:dns_config_service_win.cc(668)] Failed to read DnsConfig.
[0909/093454.028:WARNING:dns_config_service_win.cc(668)] Failed to read DnsConfig.
[0909/093459.034:WARNING:dns_config_service_win.cc(668)] Failed to read DnsConfig.
[0909/093504.037:WARNING:dns_config_service_win.cc(668)] Failed to read DnsConfig.
[0909/093509.041:WARNING:dns_config_service_win.cc(668)] Failed to read DnsConfig.
[0909/093514.044:WARNING:dns_config_service_win.cc(668)] Failed to read DnsConfig.
[0909/093519.049:WARNING:dns_config_service_win.cc(668)] Failed to read DnsConfig.
[0909/093524.052:WARNING:dns_config_service_win.cc(668)] Failed to read DnsConfig.
[0909/093529.056:WARNING:dns_config_service_win.cc(668)] Failed to read DnsConfig.
[0909/093534.063:WARNING:dns_config_service_win.cc(668)] Failed to read DnsConfig.
[0909/093539.795:WARNING:dns_config_service_win.cc(668)] Failed to read DnsConfig.
[0909/093544.800:WARNING:dns_config_service_win.cc(668)] Failed to read DnsConfig.
[0909/093549.804:WARNING:dns_config_service_win.cc(668)] Failed to read DnsConfig.
[0909/093554.807:WARNING:dns_config_service_win.cc(668)] Failed to read DnsConfig.
[0909/093559.811:WARNING:dns_config_service_win.cc(668)] Failed to read DnsConfig.
[0909/093604.815:WARNING:dns_config_service_win.cc(668)] Failed to read DnsConfig.
[0909/093609.818:WARNING:dns_config_service_win.cc(668)] Failed to read DnsConfig.
[0909/093614.822:WARNING:dns_config_service_win.cc(668)] Failed to read DnsConfig.
[0909/093619.826:WARNING:dns_config_service_win.cc(668)] Failed to read DnsConfig.
[0909/093624.829:WARNING:dns_config_service_win.cc(668)] Failed to read DnsConfig.
[0909/093629.833:WARNING:dns_config_service_win.cc(668)] Failed to read DnsConfig.
[0909/093634.836:WARNING:dns_config_service_win.cc(668)] Failed to read DnsConfig.
[0909/093639.841:WARNING:dns_config_service_win.cc(668)] Failed to read DnsConfig.
[0909/093644.844:WARNING:dns_config_service_win.cc(668)] Failed to read DnsConfig.
[0909/093649.848:WARNING:dns_config_service_win.cc(668)] Failed to read DnsConfig.
[0909/093654.853:WARNING:dns_config_service_win.cc(668)] Failed to read DnsConfig.
[0909/093659.856:WARNING:dns_config_service_win.cc(668)] Failed to read DnsConfig.
[0909/093704.860:WARNING:dns_config_service_win.cc(668)] Failed to read DnsConfig.
[0909/093709.864:WARNING:dns_config_service_win.cc(668)] Failed to read DnsConfig.
[0909/093714.869:WARNING:dns_config_service_win.cc(668)] Failed to read DnsConfig.
[0909/093719.873:WARNING:dns_config_service_win.cc(668)] Failed to read DnsConfig.
[0909/093724.875:WARNING:dns_config_service_win.cc(668)] Failed to read DnsConfig.
[0909/093729.879:WARNING:dns_config_service_win.cc(668)] Failed to read DnsConfig.
[0909/093734.883:WARNING:dns_config_service_win.cc(668)] Failed to read DnsConfig.
[0909/093739.888:WARNING:dns_config_service_win.cc(668)] Failed to read DnsConfig.
[0909/093744.892:WARNING:dns_config_service_win.cc(668)] Failed to read DnsConfig.
[0909/093749.896:WARNING:dns_config_service_win.cc(668)] Failed to read DnsConfig.
[0909/093754.901:WARNING:dns_config_service_win.cc(668)] Failed to read DnsConfig.
[0909/093759.904:WARNING:dns_config_service_win.cc(668)] Failed to read DnsConfig.
[0909/093804.909:WARNING:dns_config_service_win.cc(668)] Failed to read DnsConfig.
[0909/093809.913:WARNING:dns_config_service_win.cc(668)] Failed to read DnsConfig.
[0909/093814.917:WARNING:dns_config_service_win.cc(668)] Failed to read DnsConfig.
[0909/093819.922:WARNING:dns_config_service_win.cc(668)] Failed to read DnsConfig.
[0909/093824.926:WARNING:dns_config_service_win.cc(668)] Failed to read DnsConfig.
[0909/093829.929:WARNING:dns_config_service_win.cc(668)] Failed to read DnsConfig.
[0909/093834.933:WARNING:dns_config_service_win.cc(668)] Failed to read DnsConfig.
[0909/093839.936:WARNING:dns_config_service_win.cc(668)] Failed to read DnsConfig.
[0909/093844.941:WARNING:dns_config_service_win.cc(668)] Failed to read DnsConfig.
[0909/093849.944:WARNING:dns_config_service_win.cc(668)] Failed to read DnsConfig.
[0909/093854.949:WARNING:dns_config_service_win.cc(668)] Failed to read DnsConfig.
[0909/093859.952:WARNING:dns_config_service_win.cc(668)] Failed to read DnsConfig.
[0909/093904.956:WARNING:dns_config_service_win.cc(668)] Failed to read DnsConfig.
[0909/093909.960:WARNING:dns_config_service_win.cc(668)] Failed to read DnsConfig.
[0909/093914.964:WARNING:dns_config_service_win.cc(668)] Failed to read DnsConfig.
[0909/093919.968:WARNING:dns_config_service_win.cc(668)] Failed to read DnsConfig.
[0909/093924.972:WARNING:dns_config_service_win.cc(668)] Failed to read DnsConfig.
[0909/093929.975:WARNING:dns_config_service_win.cc(668)] Failed to read DnsConfig.
[0909/093934.979:WARNING:dns_config_service_win.cc(668)] Failed to read DnsConfig.
[0909/093939.983:WARNING:dns_config_service_win.cc(668)] Failed to read DnsConfig.
[0909/093944.986:WARNING:dns_config_service_win.cc(668)] Failed to read DnsConfig.
[0909/093949.990:WARNING:dns_config_service_win.cc(668)] Failed to read DnsConfig.
[0909/093954.993:WARNING:dns_config_service_win.cc(668)] Failed to read DnsConfig.
[0909/093959.998:WARNING:dns_config_service_win.cc(668)] Failed to read DnsConfig.
[0909/094005.003:WARNING:dns_config_service_win.cc(668)] Failed to read DnsConfig.
[0909/094010.008:WARNING:dns_config_service_win.cc(668)] Failed to read DnsConfig.
[0909/094015.013:WARNING:dns_config_service_win.cc(668)] Failed to read DnsConfig.
[0909/094020.018:WARNING:dns_config_service_win.cc(668)] Failed to read DnsConfig.
[0909/094025.021:WARNING:dns_config_service_win.cc(668)] Failed to read DnsConfig.
[0909/094030.026:WARNING:dns_config_service_win.cc(668)] Failed to read DnsConfig.
[0909/094035.029:WARNING:dns_config_service_win.cc(668)] Failed to read DnsConfig.
[0909/094040.032:WARNING:dns_config_service_win.cc(668)] Failed to read DnsConfig.
[0909/094045.036:WARNING:dns_config_service_win.cc(668)] Failed to read DnsConfig.
[0909/094050.039:WARNING:dns_config_service_win.cc(668)] Failed to read DnsConfig.
[0909/094055.044:WARNING:dns_config_service_win.cc(668)] Failed to read DnsConfig.
[0909/094100.049:WARNING:dns_config_service_win.cc(668)] Failed to read DnsConfig.
[0909/094105.054:WARNING:dns_config_service_win.cc(668)] Failed to read DnsConfig.
[0909/094110.058:WARNING:dns_config_service_win.cc(668)] Failed to read DnsConfig.
[0909/094115.062:WARNING:dns_config_service_win.cc(668)] Failed to read DnsConfig.
[0909/094120.067:WARNING:dns_config_service_win.cc(668)] Failed to read DnsConfig.
[0909/094125.070:WARNING:dns_config_service_win.cc(668)] Failed to read DnsConfig.
[0909/094130.073:WARNING:dns_config_service_win.cc(668)] Failed to read DnsConfig.
[0909/094135.076:WARNING:dns_config_service_win.cc(668)] Failed to read DnsConfig.
[0909/094140.082:WARNING:dns_config_service_win.cc(668)] Failed to read DnsConfig.
[0909/094145.086:WARNING:dns_config_service_win.cc(668)] Failed to read DnsConfig.
[0909/094150.090:WARNING:dns_config_service_win.cc(668)] Failed to read DnsConfig.
[0909/094155.095:WARNING:dns_config_service_win.cc(668)] Failed to read DnsConfig.
[0909/094200.099:WARNING:dns_config_service_win.cc(668)] Failed to read DnsConfig.
[0909/094205.104:WARNING:dns_config_service_win.cc(668)] Failed to read DnsConfig.
[0909/094210.107:WARNING:dns_config_service_win.cc(668)] Failed to read DnsConfig.
[0909/094215.111:WARNING:dns_config_service_win.cc(668)] Failed to read DnsConfig.
[0909/094220.116:WARNING:dns_config_service_win.cc(668)] Failed to read DnsConfig.
[0909/094225.121:WARNING:dns_config_service_win.cc(668)] Failed to read DnsConfig.
[0909/094230.125:WARNING:dns_config_service_win.cc(668)] Failed to read DnsConfig.
[0909/094235.129:WARNING:dns_config_service_win.cc(668)] Failed to read DnsConfig.
[0909/094240.133:WARNING:dns_config_service_win.cc(668)] Failed to read DnsConfig.
[0909/094245.136:WARNING:dns_config_service_win.cc(668)] Failed to read DnsConfig.
[0909/094250.141:WARNING:dns_config_service_win.cc(668)] Failed to read DnsConfig.
[0909/094255.145:WARNING:dns_config_service_win.cc(668)] Failed to read DnsConfig.
[0909/094300.148:WARNING:dns_config_service_win.cc(668)] Failed to read DnsConfig.
[0909/094305.152:WARNING:dns_config_service_win.cc(668)] Failed to read DnsConfig.
[0909/094310.158:WARNING:dns_config_service_win.cc(668)] Failed to read DnsConfig.
[0909/094315.160:WARNING:dns_config_service_win.cc(668)] Failed to read DnsConfig.
[0909/094320.164:WARNING:dns_config_service_win.cc(668)] Failed to read DnsConfig.
[0909/094325.168:WARNING:dns_config_service_win.cc(668)] Failed to read DnsConfig.
[0909/094330.172:WARNING:dns_config_service_win.cc(668)] Failed to read DnsConfig.
[0909/094335.175:WARNING:dns_config_service_win.cc(668)] Failed to read DnsConfig.
[0909/094340.180:WARNING:dns_config_service_win.cc(668)] Failed to read DnsConfig.
[0909/094345.183:WARNING:dns_config_service_win.cc(668)] Failed to read DnsConfig.
[0909/094350.187:WARNING:dns_config_service_win.cc(668)] Failed to read DnsConfig.
[0909/094355.191:WARNING:dns_config_service_win.cc(668)] Failed to read DnsConfig.
[0909/094400.196:WARNING:dns_config_service_win.cc(668)] Failed to read DnsConfig.
[0909/094405.200:WARNING:dns_config_service_win.cc(668)] Failed to read DnsConfig.
[0909/094410.203:WARNING:dns_config_service_win.cc(668)] Failed to read DnsConfig.
[0909/094415.206:WARNING:dns_config_service_win.cc(668)] Failed to read DnsConfig.
[0909/094420.211:WARNING:dns_config_service_win.cc(668)] Failed to read DnsConfig.
[0909/094425.214:WARNING:dns_config_service_win.cc(668)] Failed to read DnsConfig.
[0909/094430.217:WARNING:dns_config_service_win.cc(668)] Failed to read DnsConfig.
[0909/094435.221:WARNING:dns_config_service_win.cc(668)] Failed to read DnsConfig.
[0909/094440.226:WARNING:dns_config_service_win.cc(668)] Failed to read DnsConfig.
[0909/094445.229:WARNING:dns_config_service_win.cc(668)] Failed to read DnsConfig.
[0909/094450.233:WARNING:dns_config_service_win.cc(668)] Failed to read DnsConfig.
[0909/094455.236:WARNING:dns_config_service_win.cc(668)] Failed to read DnsConfig.
[0909/094500.242:WARNING:dns_config_service_win.cc(668)] Failed to read DnsConfig.
[0909/094505.245:WARNING:dns_config_service_win.cc(668)] Failed to read DnsConfig.
[0909/094510.248:WARNING:dns_config_service_win.cc(668)] Failed to read DnsConfig.
[0909/094515.252:WARNING:dns_config_service_win.cc(668)] Failed to read DnsConfig.
[0909/094520.256:WARNING:dns_config_service_win.cc(668)] Failed to read DnsConfig.
[0909/094525.261:WARNING:dns_config_service_win.cc(668)] Failed to read DnsConfig.
[0909/094530.264:WARNING:dns_config_service_win.cc(668)] Failed to read DnsConfig.
[0909/094535.267:WARNING:dns_config_service_win.cc(668)] Failed to read DnsConfig.
[0909/094540.273:WARNING:dns_config_service_win.cc(668)] Failed to read DnsConfig.
[0909/094545.276:WARNING:dns_config_service_win.cc(668)] Failed to read DnsConfig.
[0909/094550.282:WARNING:dns_config_service_win.cc(668)] Failed to read DnsConfig.
[0909/094555.286:WARNING:dns_config_service_win.cc(668)] Failed to read DnsConfig.
[0909/094600.290:WARNING:dns_config_service_win.cc(668)] Failed to read DnsConfig.
[0909/094605.295:WARNING:dns_config_service_win.cc(668)] Failed to read DnsConfig.
[0909/094610.298:WARNING:dns_config_service_win.cc(668)] Failed to read DnsConfig.
[0909/094615.302:WARNING:dns_config_service_win.cc(668)] Failed to read DnsConfig.
[0909/094620.305:WARNING:dns_config_service_win.cc(668)] Failed to read DnsConfig.
[0909/094625.309:WARNING:dns_config_service_win.cc(668)] Failed to read DnsConfig.
[0909/094630.313:WARNING:dns_config_service_win.cc(668)] Failed to read DnsConfig.
[0909/094635.318:WARNING:dns_config_service_win.cc(668)] Failed to read DnsConfig.
[0909/094640.323:WARNING:dns_config_service_win.cc(668)] Failed to read DnsConfig.
[0909/094645.327:WARNING:dns_config_service_win.cc(668)] Failed to read DnsConfig.
[0909/094650.330:WARNING:dns_config_service_win.cc(668)] Failed to read DnsConfig.
[0909/094655.332:WARNING:dns_config_service_win.cc(668)] Failed to read DnsConfig.
[0909/094700.338:WARNING:dns_config_service_win.cc(668)] Failed to read DnsConfig.
[0909/094705.342:WARNING:dns_config_service_win.cc(668)] Failed to read DnsConfig.
[0909/094710.346:WARNING:dns_config_service_win.cc(668)] Failed to read DnsConfig.
[0909/094715.350:WARNING:dns_config_service_win.cc(668)] Failed to read DnsConfig.
[0909/094720.356:WARNING:dns_config_service_win.cc(668)] Failed to read DnsConfig.
[0909/094725.359:WARNING:dns_config_service_win.cc(668)] Failed to read DnsConfig.
[0909/094730.362:WARNING:dns_config_service_win.cc(668)] Failed to read DnsConfig.
[0909/094735.365:WARNING:dns_config_service_win.cc(668)] Failed to read DnsConfig.
[0909/094740.368:WARNING:dns_config_service_win.cc(668)] Failed to read DnsConfig.
[0909/094745.372:WARNING:dns_config_service_win.cc(668)] Failed to read DnsConfig.
[0909/094750.377:WARNING:dns_config_service_win.cc(668)] Failed to read DnsConfig.
[0909/094755.382:WARNING:dns_config_service_win.cc(668)] Failed to read DnsConfig.
[0909/094800.386:WARNING:dns_config_service_win.cc(668)] Failed to read DnsConfig.
[0909/094805.390:WARNING:dns_config_service_win.cc(668)] Failed to read DnsConfig.
[0909/094810.393:WARNING:dns_config_service_win.cc(668)] Failed to read DnsConfig.
[0909/094815.397:WARNING:dns_config_service_win.cc(668)] Failed to read DnsConfig.
[0909/094820.403:WARNING:dns_config_service_win.cc(668)] Failed to read DnsConfig.
[0909/094825.405:WARNING:dns_config_service_win.cc(668)] Failed to read DnsConfig.
[0909/094830.410:WARNING:dns_config_service_win.cc(668)] Failed to read DnsConfig.
[0909/094835.414:WARNING:dns_config_service_win.cc(668)] Failed to read DnsConfig.
[0909/094840.416:WARNING:dns_config_service_win.cc(668)] Failed to read DnsConfig.
[0909/094845.421:WARNING:dns_config_service_win.cc(668)] Failed to read DnsConfig.
[0909/094850.425:WARNING:dns_config_service_win.cc(668)] Failed to read DnsConfig.
[0909/094855.428:WARNING:dns_config_service_win.cc(668)] Failed to read DnsConfig.
[0909/094900.433:WARNING:dns_config_service_win.cc(668)] Failed to read DnsConfig.
[0909/094905.436:WARNING:dns_config_service_win.cc(668)] Failed to read DnsConfig.
[0909/094910.440:WARNING:dns_config_service_win.cc(668)] Failed to read DnsConfig.
[0909/094915.446:WARNING:dns_config_service_win.cc(668)] Failed to read DnsConfig.
[0909/094920.448:WARNING:dns_config_service_win.cc(668)] Failed to read DnsConfig.
[0909/094925.451:WARNING:dns_config_service_win.cc(668)] Failed to read DnsConfig.
[0909/094930.455:WARNING:dns_config_service_win.cc(668)] Failed to read DnsConfig.
[0909/094935.460:WARNING:dns_config_service_win.cc(668)] Failed to read DnsConfig.
[0909/094940.464:WARNING:dns_config_service_win.cc(668)] Failed to read DnsConfig.
[0909/094945.468:WARNING:dns_config_service_win.cc(668)] Failed to read DnsConfig.
[0909/094950.472:WARNING:dns_config_service_win.cc(668)] Failed to read DnsConfig.
[0909/094955.475:WARNING:dns_config_service_win.cc(668)] Failed to read DnsConfig.
[0909/095000.479:WARNING:dns_config_service_win.cc(668)] Failed to read DnsConfig.
[0909/095005.483:WARNING:dns_config_service_win.cc(668)] Failed to read DnsConfig.
[0909/095010.487:WARNING:dns_config_service_win.cc(668)] Failed to read DnsConfig.
[0909/095015.492:WARNING:dns_config_service_win.cc(668)] Failed to read DnsConfig.
[0909/095020.496:WARNING:dns_config_service_win.cc(668)] Failed to read DnsConfig.
[0909/095025.502:WARNING:dns_config_service_win.cc(668)] Failed to read DnsConfig.
[0909/095030.506:WARNING:dns_config_service_win.cc(668)] Failed to read DnsConfig.
[0909/095035.510:WARNING:dns_config_service_win.cc(668)] Failed to read DnsConfig.
[0909/095040.515:WARNING:dns_config_service_win.cc(668)] Failed to read DnsConfig.
[0909/095045.519:WARNING:dns_config_service_win.cc(668)] Failed to read DnsConfig.
[0909/095050.522:WARNING:dns_config_service_win.cc(668)] Failed to read DnsConfig.
[0909/095055.525:WARNING:dns_config_service_win.cc(668)] Failed to read DnsConfig.
[0909/095100.529:WARNING:dns_config_service_win.cc(668)] Failed to read DnsConfig.
[0909/095105.533:WARNING:dns_config_service_win.cc(668)] Failed to read DnsConfig.
[0909/095110.538:WARNING:dns_config_service_win.cc(668)] Failed to read DnsConfig.
[0909/095115.543:WARNING:dns_config_service_win.cc(668)] Failed to read DnsConfig.
[0909/095120.546:WARNING:dns_config_service_win.cc(668)] Failed to read DnsConfig.
[0909/095125.549:WARNING:dns_config_service_win.cc(668)] Failed to read DnsConfig.
[0909/095130.553:WARNING:dns_config_service_win.cc(668)] Failed to read DnsConfig.
[0909/095135.557:WARNING:dns_config_service_win.cc(668)] Failed to read DnsConfig.
[0909/095140.560:WARNING:dns_config_service_win.cc(668)] Failed to read DnsConfig.
[0909/095145.565:WARNING:dns_config_service_win.cc(668)] Failed to read DnsConfig.
[0909/095150.569:WARNING:dns_config_service_win.cc(668)] Failed to read DnsConfig.
[0909/095155.573:WARNING:dns_config_service_win.cc(668)] Failed to read DnsConfig.
[0909/095200.579:WARNING:dns_config_service_win.cc(668)] Failed to read DnsConfig.
[0909/095205.583:WARNING:dns_config_service_win.cc(668)] Failed to read DnsConfig.
[0909/095210.586:WARNING:dns_config_service_win.cc(668)] Failed to read DnsConfig.
[0909/095215.589:WARNING:dns_config_service_win.cc(668)] Failed to read DnsConfig.
[0909/095220.596:WARNING:dns_config_service_win.cc(668)] Failed to read DnsConfig.
[0909/095225.600:WARNING:dns_config_service_win.cc(668)] Failed to read DnsConfig.
[0909/095230.606:WARNING:dns_config_service_win.cc(668)] Failed to read DnsConfig.
[0909/095235.608:WARNING:dns_config_service_win.cc(668)] Failed to read DnsConfig.
[0909/095240.613:WARNING:dns_config_service_win.cc(668)] Failed to read DnsConfig.
[0909/095245.616:WARNING:dns_config_service_win.cc(668)] Failed to read DnsConfig.
[0909/095250.620:WARNING:dns_config_service_win.cc(668)] Failed to read DnsConfig.
[0909/095255.623:WARNING:dns_config_service_win.cc(668)] Failed to read DnsConfig.
[0909/095300.627:WARNING:dns_config_service_win.cc(668)] Failed to read DnsConfig.
[0909/095305.633:WARNING:dns_config_service_win.cc(668)] Failed to read DnsConfig.
[0909/095310.635:WARNING:dns_config_service_win.cc(668)] Failed to read DnsConfig.
[0909/095315.639:WARNING:dns_config_service_win.cc(668)] Failed to read DnsConfig.
[0909/095320.645:WARNING:dns_config_service_win.cc(668)] Failed to read DnsConfig.
[0909/095325.647:WARNING:dns_config_service_win.cc(668)] Failed to read DnsConfig.
[0909/095330.651:WARNING:dns_config_service_win.cc(668)] Failed to read DnsConfig.
[0909/095335.656:WARNING:dns_config_service_win.cc(668)] Failed to read DnsConfig.
[0909/095340.659:WARNING:dns_config_service_win.cc(668)] Failed to read DnsConfig.
[0909/095345.663:WARNING:dns_config_service_win.cc(668)] Failed to read DnsConfig.
[0909/095350.668:WARNING:dns_config_service_win.cc(668)] Failed to read DnsConfig.
[0909/095355.671:WARNING:dns_config_service_win.cc(668)] Failed to read DnsConfig.
[0909/095400.675:WARNING:dns_config_service_win.cc(668)] Failed to read DnsConfig.
[0909/095405.680:WARNING:dns_config_service_win.cc(668)] Failed to read DnsConfig.
[0909/095410.684:WARNING:dns_config_service_win.cc(668)] Failed to read DnsConfig.
[0909/095415.689:WARNING:dns_config_service_win.cc(668)] Failed to read DnsConfig.
[0909/095420.691:WARNING:dns_config_service_win.cc(668)] Failed to read DnsConfig.
[0909/095425.696:WARNING:dns_config_service_win.cc(668)] Failed to read DnsConfig.
[0909/095430.700:WARNING:dns_config_service_win.cc(668)] Failed to read DnsConfig.
[0909/095435.705:WARNING:dns_config_service_win.cc(668)] Failed to read DnsConfig.
[0909/095440.709:WARNING:dns_config_service_win.cc(668)] Failed to read DnsConfig.
[0909/095445.712:WARNING:dns_config_service_win.cc(668)] Failed to read DnsConfig.
[0909/095450.717:WARNING:dns_config_service_win.cc(668)] Failed to read DnsConfig.
[0909/095455.721:WARNING:dns_config_service_win.cc(668)] Failed to read DnsConfig.
[0909/095500.726:WARNING:dns_config_service_win.cc(668)] Failed to read DnsConfig.
[0909/095505.729:WARNING:dns_config_service_win.cc(668)] Failed to read DnsConfig.
[0909/095510.734:WARNING:dns_config_service_win.cc(668)] Failed to read DnsConfig.
[0909/095515.736:WARNING:dns_config_service_win.cc(668)] Failed to read DnsConfig.
[0909/095520.740:WARNING:dns_config_service_win.cc(668)] Failed to read DnsConfig.
[0909/095525.744:WARNING:dns_config_service_win.cc(668)] Failed to read DnsConfig.
[0909/095530.749:WARNING:dns_config_service_win.cc(668)] Failed to read DnsConfig.
[0909/095535.753:WARNING:dns_config_service_win.cc(668)] Failed to read DnsConfig.
[0909/095540.757:WARNING:dns_config_service_win.cc(668)] Failed to read DnsConfig.
[0909/095545.761:WARNING:dns_config_service_win.cc(668)] Failed to read DnsConfig.
[0909/095550.764:WARNING:dns_config_service_win.cc(668)] Failed to read DnsConfig.
[0909/095555.769:WARNING:dns_config_service_win.cc(668)] Failed to read DnsConfig.
[0909/095600.773:WARNING:dns_config_service_win.cc(668)] Failed to read DnsConfig.
[0909/095605.777:WARNING:dns_config_service_win.cc(668)] Failed to read DnsConfig.
[0909/095610.781:WARNING:dns_config_service_win.cc(668)] Failed to read DnsConfig.
[0909/095615.784:WARNING:dns_config_service_win.cc(668)] Failed to read DnsConfig.
[0909/095620.789:WARNING:dns_config_service_win.cc(668)] Failed to read DnsConfig.
[0909/095625.793:WARNING:dns_config_service_win.cc(668)] Failed to read DnsConfig.
[0909/095630.797:WARNING:dns_config_service_win.cc(668)] Failed to read DnsConfig.
[0909/095635.801:WARNING:dns_config_service_win.cc(668)] Failed to read DnsConfig.
[0909/095640.806:WARNING:dns_config_service_win.cc(668)] Failed to read DnsConfig.
[0909/095645.810:WARNING:dns_config_service_win.cc(668)] Failed to read DnsConfig.
[0909/095650.814:WARNING:dns_config_service_win.cc(668)] Failed to read DnsConfig.
[0909/095655.818:WARNING:dns_config_service_win.cc(668)] Failed to read DnsConfig.
[0909/095700.822:WARNING:dns_config_service_win.cc(668)] Failed to read DnsConfig.
[0909/095705.827:WARNING:dns_config_service_win.cc(668)] Failed to read DnsConfig.
[0909/095710.832:WARNING:dns_config_service_win.cc(668)] Failed to read DnsConfig.
[0909/095715.835:WARNING:dns_config_service_win.cc(668)] Failed to read DnsConfig.
[0909/095720.840:WARNING:dns_config_service_win.cc(668)] Failed to read DnsConfig.
[0909/095725.846:WARNING:dns_config_service_win.cc(668)] Failed to read DnsConfig.
[0909/095730.849:WARNING:dns_config_service_win.cc(668)] Failed to read DnsConfig.
[0909/095735.852:WARNING:dns_config_service_win.cc(668)] Failed to read DnsConfig.
[0909/095740.854:WARNING:dns_config_service_win.cc(668)] Failed to read DnsConfig.
[0909/095745.858:WARNING:dns_config_service_win.cc(668)] Failed to read DnsConfig.
[0909/095750.862:WARNING:dns_config_service_win.cc(668)] Failed to read DnsConfig.
[0909/095755.866:WARNING:dns_config_service_win.cc(668)] Failed to read DnsConfig.
[0909/095800.870:WARNING:dns_config_service_win.cc(668)] Failed to read DnsConfig.
[0909/095805.875:WARNING:dns_config_service_win.cc(668)] Failed to read DnsConfig.
[0909/095810.878:WARNING:dns_config_service_win.cc(668)] Failed to read DnsConfig.
[0909/095815.882:WARNING:dns_config_service_win.cc(668)] Failed to read DnsConfig.
[0909/095820.885:WARNING:dns_config_service_win.cc(668)] Failed to read DnsConfig.
[0909/095825.891:WARNING:dns_config_service_win.cc(668)] Failed to read DnsConfig.
[0909/095830.894:WARNING:dns_config_service_win.cc(668)] Failed to read DnsConfig.
[0909/095835.898:WARNING:dns_config_service_win.cc(668)] Failed to read DnsConfig.
[0909/095840.902:WARNING:dns_config_service_win.cc(668)] Failed to read DnsConfig.
[0909/095845.907:WARNING:dns_config_service_win.cc(668)] Failed to read DnsConfig.
[0909/095850.909:WARNING:dns_config_service_win.cc(668)] Failed to read DnsConfig.
[0909/095855.913:WARNING:dns_config_service_win.cc(668)] Failed to read DnsConfig.
[0909/095900.919:WARNING:dns_config_service_win.cc(668)] Failed to read DnsConfig.
[0909/095905.923:WARNING:dns_config_service_win.cc(668)] Failed to read DnsConfig.
[0909/095910.927:WARNING:dns_config_service_win.cc(668)] Failed to read DnsConfig.
[0909/095915.932:WARNING:dns_config_service_win.cc(668)] Failed to read DnsConfig.
[0909/095920.937:WARNING:dns_config_service_win.cc(668)] Failed to read DnsConfig.
[0909/095925.941:WARNING:dns_config_service_win.cc(668)] Failed to read DnsConfig.
[0909/095930.946:WARNING:dns_config_service_win.cc(668)] Failed to read DnsConfig.
[0909/095935.949:WARNING:dns_config_service_win.cc(668)] Failed to read DnsConfig.
[0909/095940.954:WARNING:dns_config_service_win.cc(668)] Failed to read DnsConfig.
[0909/095945.957:WARNING:dns_config_service_win.cc(668)] Failed to read DnsConfig.
[0909/095950.963:WARNING:dns_config_service_win.cc(668)] Failed to read DnsConfig.
[0909/095955.966:WARNING:dns_config_service_win.cc(668)] Failed to read DnsConfig.
[0909/100000.970:WARNING:dns_config_service_win.cc(668)] Failed to read DnsConfig.
[0909/100005.972:WARNING:dns_config_service_win.cc(668)] Failed to read DnsConfig.
[0909/100010.976:WARNING:dns_config_service_win.cc(668)] Failed to read DnsConfig.
[0909/100015.981:WARNING:dns_config_service_win.cc(668)] Failed to read DnsConfig.
[0909/100020.984:WARNING:dns_config_service_win.cc(668)] Failed to read DnsConfig.
[0909/100025.989:WARNING:dns_config_service_win.cc(668)] Failed to read DnsConfig.
[0909/100030.993:WARNING:dns_config_service_win.cc(668)] Failed to read DnsConfig.
[0909/100035.999:WARNING:dns_config_service_win.cc(668)] Failed to read DnsConfig.
[0909/100041.004:WARNING:dns_config_service_win.cc(668)] Failed to read DnsConfig.
[0909/100046.008:WARNING:dns_config_service_win.cc(668)] Failed to read DnsConfig.
[0909/100051.013:WARNING:dns_config_service_win.cc(668)] Failed to read DnsConfig.
[0909/100056.018:WARNING:dns_config_service_win.cc(668)] Failed to read DnsConfig.
[0909/100101.022:WARNING:dns_config_service_win.cc(668)] Failed to read DnsConfig.
[0909/100106.025:WARNING:dns_config_service_win.cc(668)] Failed to read DnsConfig.
[0909/100111.028:WARNING:dns_config_service_win.cc(668)] Failed to read DnsConfig.
[0909/100116.033:WARNING:dns_config_service_win.cc(668)] Failed to read DnsConfig.
[0909/100121.039:WARNING:dns_config_service_win.cc(668)] Failed to read DnsConfig.
[0909/100126.043:WARNING:dns_config_service_win.cc(668)] Failed to read DnsConfig.
[0909/100131.047:WARNING:dns_config_service_win.cc(668)] Failed to read DnsConfig.
[0909/100136.051:WARNING:dns_config_service_win.cc(668)] Failed to read DnsConfig.
[0909/100141.055:WARNING:dns_config_service_win.cc(668)] Failed to read DnsConfig.
[0909/100146.057:WARNING:dns_config_service_win.cc(668)] Failed to read DnsConfig.
[0909/100151.061:WARNING:dns_config_service_win.cc(668)] Failed to read DnsConfig.
[0909/100156.065:WARNING:dns_config_service_win.cc(668)] Failed to read DnsConfig.
[0909/100201.067:WARNING:dns_config_service_win.cc(668)] Failed to read DnsConfig.
[0909/100206.071:WARNING:dns_config_service_win.cc(668)] Failed to read DnsConfig.
[0909/100211.076:WARNING:dns_config_service_win.cc(668)] Failed to read DnsConfig.
[0909/100216.088:WARNING:dns_config_service_win.cc(668)] Failed to read DnsConfig.
[0915/112534.200:WARNING:angle_platform_impl.cc(52)] compileToBinary(230): 
C:\fakepath(69,8-58): warning X3571: pow(f, e) will not work for negative f, use abs(f) or conditionally handle negative values if you expect them
C:\fakepath(77,9-43): warning X3571: pow(f, e) will not work for negative f, use abs(f) or conditionally handle negative values if you expect them

[0915/113346.099:ERROR:angle_platform_impl.cc(47)] reset(615): Could not create additional swap chains or offscreen surfaces, HRESULT: 0x887A0001
[0915/113346.099:ERROR:gl_surface_egl.cc(537)] EGL Driver message (Critical) eglCreateWindowSurface: Bad allocation.
[0915/113346.099:ERROR:gl_surface_egl.cc(1057)] eglCreateWindowSurface failed with error EGL_BAD_ALLOC
[0915/113346.099:ERROR:gl_surface_egl.cc(1366)] Failed to resize window.
[0915/113346.099:ERROR:gles2_cmd_decoder.cc(5726)] GLES2DecoderImpl: Context lost because resize failed.
[0915/113346.099:ERROR:gles2_cmd_decoder.cc(5855)] Error: 5 for Command kResizeCHROMIUM
[0915/113346.100:ERROR:gpu_channel_manager.cc(218)] Exiting GPU process because some drivers cannot recover from problems.
